<?xml version="1.0" encoding="UTF-8"?>
<testng-results ignored="0" total="1" passed="0" failed="1" skipped="0">
  <reporter-output>
  </reporter-output>
  <suite started-at="2024-01-04T23:13:43 IST" name="Default suite" finished-at="2024-01-04T23:13:51 IST" duration-ms="8049">
    <groups>
      <group name="cucumber">
        <method signature="AbstractTestNGCucumberTests.runScenario(io.cucumber.testng.PickleWrapper,io.cucumber.testng.FeatureWrapper)[pri:0, instance:runner.LoginRunner@470734c3]" name="runScenario" class="io.cucumber.testng.AbstractTestNGCucumberTests"/>
      </group> <!-- cucumber -->
    </groups>
    <test started-at="2024-01-04T23:13:43 IST" name="Default test" finished-at="2024-01-04T23:13:51 IST" duration-ms="8049">
      <class name="runner.LoginRunner">
        <test-method is-config="true" signature="startReport()[pri:0, instance:runner.LoginRunner@470734c3]" started-at="2024-01-04T23:13:42 IST" name="startReport" finished-at="2024-01-04T23:13:43 IST" duration-ms="162" status="PASS">
          <reporter-output>
          </reporter-output>
        </test-method> <!-- startReport -->
        <test-method is-config="true" signature="setData()[pri:0, instance:runner.LoginRunner@470734c3]" started-at="2024-01-04T23:13:43 IST" name="setData" finished-at="2024-01-04T23:13:43 IST" duration-ms="1" status="PASS">
          <reporter-output>
          </reporter-output>
        </test-method> <!-- setData -->
        <test-method is-config="true" signature="setUpClass(org.testng.ITestContext)[pri:0, instance:runner.LoginRunner@470734c3]" started-at="2024-01-04T23:13:43 IST" name="setUpClass" finished-at="2024-01-04T23:13:43 IST" duration-ms="270" status="PASS">
          <params>
            <param index="0">
              <value>
                <![CDATA[org.testng.TestRunner@650c405c]]>
              </value>
            </param>
          </params>
          <reporter-output>
          </reporter-output>
        </test-method> <!-- setUpClass -->
        <test-method is-config="true" signature="testDetails()[pri:0, instance:runner.LoginRunner@470734c3]" started-at="2024-01-04T23:13:43 IST" name="testDetails" finished-at="2024-01-04T23:13:43 IST" duration-ms="6" status="PASS">
          <reporter-output>
          </reporter-output>
        </test-method> <!-- testDetails -->
        <test-method is-config="true" signature="preCondition()[pri:0, instance:runner.LoginRunner@470734c3]" started-at="2024-01-04T23:13:43 IST" name="preCondition" finished-at="2024-01-04T23:13:49 IST" duration-ms="6222" status="PASS">
          <reporter-output>
          </reporter-output>
        </test-method> <!-- preCondition -->
        <test-method signature="runScenario(io.cucumber.testng.PickleWrapper,io.cucumber.testng.FeatureWrapper)[pri:0, instance:runner.LoginRunner@470734c3]" started-at="2024-01-04T23:13:49 IST" name="runScenario" description="Runs Cucumber Scenarios" data-provider="scenarios" finished-at="2024-01-04T23:13:50 IST" duration-ms="1184" status="FAIL">
          <params>
            <param index="0">
              <value>
                <![CDATA["Verify the forgot passwordlink"]]>
              </value>
            </param>
            <param index="1">
              <value>
                <![CDATA["Login Page of the Orange HRMS"]]>
              </value>
            </param>
          </params>
          <exception class="java.lang.AssertionError">
            <message>
              <![CDATA[The following asserts failed:
expected [Reset Passwords] but found [Reset Password]]]>
            </message>
            <full-stacktrace>
              <![CDATA[java.lang.AssertionError: The following asserts failed:
expected [Reset Passwords] but found [Reset Password]
at org.testng.asserts.SoftAssert.assertAll(SoftAssert.java:47)
at org.testng.asserts.SoftAssert.assertAll(SoftAssert.java:31)
at steps.login.resetPasswordPage(login.java:132)
at âœ½.Verify the Reset Password Page is displayed(file:///C:/Automation/Automation_OrangeHRMS/src/test/java/Features/login.feature:25)
]]>
            </full-stacktrace>
          </exception> <!-- java.lang.AssertionError -->
          <reporter-output>
          </reporter-output>
        </test-method> <!-- runScenario -->
        <test-method is-config="true" signature="postCondition()[pri:0, instance:runner.LoginRunner@470734c3]" started-at="2024-01-04T23:13:50 IST" name="postCondition" finished-at="2024-01-04T23:13:51 IST" duration-ms="318" status="PASS">
          <reporter-output>
          </reporter-output>
        </test-method> <!-- postCondition -->
        <test-method is-config="true" signature="tearDownClass()[pri:0, instance:runner.LoginRunner@470734c3]" started-at="2024-01-04T23:13:51 IST" name="tearDownClass" finished-at="2024-01-04T23:13:51 IST" duration-ms="12" status="PASS">
          <reporter-output>
          </reporter-output>
        </test-method> <!-- tearDownClass -->
        <test-method is-config="true" signature="stopReport()[pri:0, instance:runner.LoginRunner@470734c3]" started-at="2024-01-04T23:13:51 IST" name="stopReport" finished-at="2024-01-04T23:13:51 IST" duration-ms="300" status="PASS">
          <reporter-output>
          </reporter-output>
        </test-method> <!-- stopReport -->
      </class> <!-- runner.LoginRunner -->
    </test> <!-- Default test -->
  </suite> <!-- Default suite -->
</testng-results>
